TN:
SF:src\index.ts
FN:27,(anonymous_1)
FNF:1
FNH:1
FNDA:7,(anonymous_1)
DA:1,7
DA:2,7
DA:4,7
DA:5,7
DA:6,7
DA:7,7
DA:8,7
DA:9,7
DA:10,7
DA:11,7
DA:13,7
DA:15,7
DA:17,7
DA:18,7
DA:19,7
DA:20,7
DA:21,7
DA:22,7
DA:23,7
DA:25,7
DA:27,7
DA:28,7
DA:32,7
LF:23
LH:23
BRDA:25,0,0,7
BRDA:25,0,1,7
BRF:2
BRH:2
end_of_record
TN:
SF:src\Auth\auth.controller.ts
FN:5,(anonymous_0)
FN:15,(anonymous_1)
FNF:2
FNH:2
FNDA:3,(anonymous_0)
FNDA:3,(anonymous_1)
DA:2,7
DA:5,7
DA:6,3
DA:7,3
DA:8,1
DA:10,2
DA:15,7
DA:16,3
DA:17,3
DA:18,3
DA:19,1
DA:21,2
LF:12
LH:12
BRF:0
BRH:0
end_of_record
TN:
SF:src\Auth\auth.routes.ts
FNF:0
FNH:0
DA:1,7
DA:2,7
DA:4,7
DA:7,7
DA:10,7
DA:12,7
LF:6
LH:6
BRF:0
BRH:0
end_of_record
TN:
SF:src\Auth\auth.service.ts
FN:18,(anonymous_1)
FN:75,(anonymous_2)
FNF:2
FNH:2
FNDA:3,(anonymous_1)
FNDA:3,(anonymous_2)
DA:1,7
DA:2,7
DA:3,7
DA:4,7
DA:5,7
DA:6,7
DA:7,7
DA:9,7
DA:11,7
DA:13,7
DA:14,0
DA:18,7
DA:29,3
DA:31,3
DA:32,0
DA:35,3
DA:37,3
DA:50,1
DA:51,0
DA:54,1
DA:56,1
DA:62,1
DA:75,7
DA:79,3
DA:81,3
DA:82,1
DA:85,2
DA:86,2
DA:87,1
DA:90,1
DA:96,1
LF:31
LH:28
BRDA:13,0,0,0
BRDA:13,0,1,7
BRDA:29,1,0,0
BRDA:29,1,1,3
BRDA:31,2,0,0
BRDA:31,2,1,3
BRDA:31,3,0,3
BRDA:31,3,1,1
BRDA:44,4,0,3
BRDA:44,4,1,0
BRDA:45,5,0,3
BRDA:45,5,1,0
BRDA:50,6,0,0
BRDA:50,6,1,1
BRDA:50,7,0,1
BRDA:50,7,1,1
BRDA:81,8,0,1
BRDA:81,8,1,2
BRDA:81,9,0,3
BRDA:81,9,1,2
BRDA:86,10,0,1
BRDA:86,10,1,1
BRF:22
BRH:16
end_of_record
TN:
SF:src\Auth\email.ts
FN:15,(anonymous_1)
FN:24,(anonymous_2)
FNF:2
FNH:1
FNDA:1,(anonymous_1)
FNDA:0,(anonymous_2)
DA:1,7
DA:2,7
DA:4,7
DA:6,7
DA:15,7
DA:16,1
DA:24,7
DA:25,0
DA:27,0
LF:9
LH:7
BRF:0
BRH:0
end_of_record
TN:
SF:src\Bookings\booking.controller.ts
FN:10,(anonymous_9)
FN:27,(anonymous_10)
FN:47,(anonymous_11)
FNF:3
FNH:3
FNDA:1,(anonymous_9)
FNDA:2,(anonymous_10)
FNDA:2,(anonymous_11)
DA:2,7
DA:10,7
DA:14,1
DA:15,1
DA:16,1
DA:18,1
DA:19,1
DA:21,0
DA:22,0
DA:27,7
DA:31,2
DA:32,2
DA:33,1
DA:34,1
DA:36,1
DA:37,1
DA:38,1
DA:41,0
DA:42,0
DA:47,7
DA:51,2
DA:52,2
DA:53,2
DA:54,2
DA:56,2
DA:58,2
DA:59,1
DA:61,1
DA:64,0
DA:65,0
LF:30
LH:24
BRDA:32,0,0,1
BRDA:32,0,1,1
BRDA:58,1,0,1
BRDA:58,1,1,1
BRF:4
BRH:4
end_of_record
TN:
SF:src\Bookings\booking.routes.ts
FNF:0
FNH:0
DA:1,7
DA:2,7
DA:7,7
DA:9,7
DA:12,7
DA:15,7
DA:18,7
DA:20,7
LF:8
LH:8
BRF:0
BRH:0
end_of_record
TN:
SF:src\Bookings\booking.service.ts
FN:5,(anonymous_1)
FN:6,(anonymous_2)
FN:9,(anonymous_3)
FN:12,(anonymous_4)
FN:16,(anonymous_5)
FN:31,(anonymous_6)
FNF:6
FNH:6
FNDA:1,(anonymous_1)
FNDA:1,(anonymous_2)
FNDA:1,(anonymous_3)
FNDA:1,(anonymous_4)
FNDA:2,(anonymous_5)
FNDA:2,(anonymous_6)
DA:1,7
DA:2,7
DA:3,7
DA:5,7
DA:6,1
DA:9,7
DA:12,7
DA:13,1
DA:16,7
DA:21,2
DA:22,0
DA:23,0
DA:27,2
DA:31,2
DA:33,2
DA:34,1
DA:37,1
DA:38,1
LF:18
LH:16
BRDA:21,0,0,0
BRDA:21,0,1,2
BRDA:33,1,0,1
BRDA:33,1,1,1
BRDA:33,2,0,2
BRDA:33,2,1,1
BRF:6
BRH:5
end_of_record
TN:
SF:src\Drizzle\db.ts
FN:11,(anonymous_9)
FN:14,(anonymous_10)
FN:16,(anonymous_11)
FNF:3
FNH:2
FNDA:8,(anonymous_9)
FNDA:8,(anonymous_10)
FNDA:0,(anonymous_11)
DA:1,8
DA:3,8
DA:4,8
DA:5,8
DA:7,8
DA:11,8
DA:12,8
DA:14,8
DA:15,8
DA:17,0
DA:21,8
DA:23,8
LF:12
LH:11
BRF:0
BRH:0
end_of_record
TN:
SF:src\Drizzle\schema.ts
FN:37,(anonymous_0)
FN:51,(anonymous_1)
FN:52,(anonymous_2)
FN:62,(anonymous_3)
FN:64,(anonymous_4)
FN:78,(anonymous_5)
FN:91,(anonymous_6)
FN:97,(anonymous_7)
FN:102,(anonymous_8)
FN:111,(anonymous_9)
FN:127,(anonymous_10)
FN:140,(anonymous_11)
FNF:12
FNH:6
FNDA:0,(anonymous_0)
FNDA:0,(anonymous_1)
FNDA:0,(anonymous_2)
FNDA:0,(anonymous_3)
FNDA:0,(anonymous_4)
FNDA:0,(anonymous_5)
FNDA:8,(anonymous_6)
FNDA:8,(anonymous_7)
FNDA:8,(anonymous_8)
FNDA:8,(anonymous_9)
FNDA:8,(anonymous_10)
FNDA:8,(anonymous_11)
DA:1,8
DA:2,8
DA:5,8
DA:6,8
DA:7,8
DA:10,8
DA:24,8
DA:33,8
DA:37,0
DA:49,8
DA:51,0
DA:52,0
DA:61,8
DA:62,0
DA:64,0
DA:76,8
DA:78,0
DA:91,8
DA:97,8
DA:102,8
DA:111,8
DA:127,8
DA:140,8
LF:23
LH:17
BRF:0
BRH:0
end_of_record
TN:
SF:src\Events\event.controller.ts
FN:10,(anonymous_9)
FN:26,(anonymous_10)
FN:37,(anonymous_11)
FN:57,(anonymous_12)
FNF:4
FNH:4
FNDA:2,(anonymous_9)
FNDA:1,(anonymous_10)
FNDA:1,(anonymous_11)
FNDA:2,(anonymous_12)
DA:2,7
DA:10,7
DA:11,2
DA:12,2
DA:13,1
DA:14,1
DA:17,1
DA:18,1
DA:20,0
DA:21,0
DA:26,7
DA:27,1
DA:28,1
DA:29,1
DA:31,0
DA:32,0
DA:37,7
DA:38,1
DA:39,1
DA:40,0
DA:41,0
DA:44,1
DA:45,1
DA:46,0
DA:48,1
DA:51,0
DA:52,0
DA:57,7
DA:58,2
DA:59,2
DA:60,0
DA:61,0
DA:64,2
DA:65,2
DA:66,1
DA:68,1
DA:71,0
DA:72,0
LF:38
LH:25
BRDA:12,0,0,1
BRDA:12,0,1,1
BRDA:39,1,0,0
BRDA:39,1,1,1
BRDA:45,2,0,0
BRDA:45,2,1,1
BRDA:59,3,0,0
BRDA:59,3,1,2
BRDA:65,4,0,1
BRDA:65,4,1,1
BRF:10
BRH:7
end_of_record
TN:
SF:src\Events\event.routes.ts
FNF:0
FNH:0
DA:1,7
DA:2,7
DA:8,7
DA:10,7
DA:13,7
DA:16,7
DA:17,7
DA:18,7
DA:20,7
LF:9
LH:9
BRF:0
BRH:0
end_of_record
TN:
SF:src\Events\event.service.ts
FN:6,(anonymous_1)
FN:7,(anonymous_2)
FN:10,(anonymous_3)
FN:13,(anonymous_4)
FN:20,(anonymous_5)
FNF:5
FNH:5
FNDA:1,(anonymous_1)
FNDA:1,(anonymous_2)
FNDA:1,(anonymous_3)
FNDA:1,(anonymous_4)
FNDA:2,(anonymous_5)
DA:1,7
DA:2,7
DA:3,7
DA:6,7
DA:7,1
DA:10,7
DA:13,7
DA:14,1
DA:15,1
DA:20,7
DA:21,2
DA:22,2
LF:12
LH:12
BRDA:22,0,0,2
BRDA:22,0,1,0
BRF:2
BRH:1
end_of_record
TN:
SF:src\Payments\payment.controller.ts
FN:10,(anonymous_9)
FN:22,(anonymous_10)
FNF:2
FNH:2
FNDA:3,(anonymous_9)
FNDA:3,(anonymous_10)
DA:2,7
DA:10,7
DA:11,3
DA:12,3
DA:13,3
DA:14,1
DA:16,2
DA:17,2
DA:22,7
DA:26,3
DA:27,3
DA:28,1
DA:29,1
DA:31,2
DA:32,2
DA:33,2
DA:36,0
DA:37,0
LF:18
LH:16
BRDA:27,0,0,1
BRDA:27,0,1,2
BRF:2
BRH:2
end_of_record
TN:
SF:src\Payments\payment.routes.ts
FNF:0
FNH:0
DA:1,7
DA:2,7
DA:6,7
DA:8,7
DA:10,7
DA:11,7
DA:13,7
LF:7
LH:7
BRF:0
BRH:0
end_of_record
TN:
SF:src\Payments\payment.service.ts
FN:5,(anonymous_1)
FN:35,(anonymous_2)
FN:38,(anonymous_3)
FNF:3
FNH:3
FNDA:3,(anonymous_1)
FNDA:1,(anonymous_2)
FNDA:2,(anonymous_3)
DA:1,7
DA:2,7
DA:3,7
DA:5,7
DA:9,3
DA:10,0
DA:13,3
DA:23,3
DA:25,2
DA:30,1
DA:35,7
DA:38,7
DA:39,2
LF:13
LH:12
BRDA:9,0,0,0
BRDA:9,0,1,3
BRDA:9,1,0,3
BRDA:9,1,1,3
BRDA:23,2,0,1
BRDA:23,2,1,2
BRF:6
BRH:5
end_of_record
TN:
SF:src\Tickets\supportTicket.controller.ts
FN:11,(anonymous_9)
FN:24,(anonymous_10)
FN:41,(anonymous_11)
FNF:3
FNH:3
FNDA:1,(anonymous_9)
FNDA:2,(anonymous_10)
FNDA:3,(anonymous_11)
DA:3,7
DA:11,7
DA:12,1
DA:13,1
DA:14,1
DA:15,1
DA:16,1
DA:18,0
DA:19,0
DA:24,7
DA:25,2
DA:26,2
DA:27,1
DA:28,1
DA:30,1
DA:31,1
DA:32,1
DA:35,0
DA:36,0
DA:41,7
DA:42,3
DA:43,3
DA:44,3
DA:45,3
DA:47,3
DA:49,3
DA:50,1
DA:52,2
DA:55,0
DA:56,0
LF:30
LH:24
BRDA:26,0,0,1
BRDA:26,0,1,1
BRDA:49,1,0,1
BRDA:49,1,1,2
BRF:4
BRH:4
end_of_record
TN:
SF:src\Tickets\supportTicket.routes.ts
FNF:0
FNH:0
DA:1,7
DA:2,7
DA:7,7
DA:9,7
DA:12,7
DA:15,7
DA:18,7
DA:20,7
LF:8
LH:8
BRF:0
BRH:0
end_of_record
TN:
SF:src\Tickets\supportTicket.service.ts
FN:7,(anonymous_1)
FN:8,(anonymous_2)
FN:11,(anonymous_3)
FN:14,(anonymous_4)
FN:18,(anonymous_5)
FN:32,(anonymous_6)
FNF:6
FNH:6
FNDA:1,(anonymous_1)
FNDA:1,(anonymous_2)
FNDA:1,(anonymous_3)
FNDA:1,(anonymous_4)
FNDA:3,(anonymous_5)
FNDA:2,(anonymous_6)
DA:2,7
DA:3,7
DA:4,7
DA:7,7
DA:8,1
DA:11,7
DA:14,7
DA:15,1
DA:18,7
DA:23,3
DA:24,1
DA:25,1
DA:28,2
DA:32,2
DA:34,2
DA:36,1
DA:37,1
LF:17
LH:17
BRDA:23,0,0,1
BRDA:23,0,1,2
BRDA:34,1,0,1
BRDA:34,1,1,1
BRDA:34,2,0,2
BRDA:34,2,1,2
BRF:6
BRH:6
end_of_record
TN:
SF:src\Users\user.controller.ts
FN:11,(anonymous_9)
FN:27,(anonymous_10)
FN:45,(anonymous_11)
FN:63,(anonymous_12)
FNF:4
FNH:4
FNDA:2,(anonymous_9)
FNDA:1,(anonymous_10)
FNDA:1,(anonymous_11)
FNDA:2,(anonymous_12)
DA:2,7
DA:11,7
DA:12,2
DA:13,2
DA:14,1
DA:15,1
DA:18,1
DA:19,1
DA:21,0
DA:22,0
DA:27,7
DA:28,1
DA:29,1
DA:31,1
DA:32,1
DA:33,0
DA:34,0
DA:37,1
DA:39,0
DA:40,0
DA:45,7
DA:46,1
DA:47,1
DA:49,1
DA:50,1
DA:51,0
DA:52,0
DA:55,1
DA:57,0
DA:58,0
DA:63,7
DA:64,2
DA:65,2
DA:66,1
DA:67,1
DA:70,1
DA:71,1
DA:73,1
DA:74,0
DA:75,0
DA:78,1
DA:80,0
DA:81,0
LF:43
LH:29
BRDA:13,0,0,1
BRDA:13,0,1,1
BRDA:32,1,0,0
BRDA:32,1,1,1
BRDA:50,2,0,0
BRDA:50,2,1,1
BRDA:65,3,0,1
BRDA:65,3,1,1
BRDA:73,4,0,0
BRDA:73,4,1,1
BRF:10
BRH:7
end_of_record
TN:
SF:src\Users\user.routes.ts
FNF:0
FNH:0
DA:1,7
DA:2,7
DA:8,7
DA:10,7
DA:13,7
DA:16,7
DA:19,7
DA:22,7
DA:24,7
LF:9
LH:9
BRF:0
BRH:0
end_of_record
TN:
SF:src\Users\user.service.ts
FN:6,(anonymous_1)
FN:11,(anonymous_2)
FN:16,(anonymous_3)
FN:20,(anonymous_4)
FN:26,(anonymous_5)
FN:30,(anonymous_6)
FN:34,(anonymous_7)
FNF:7
FNH:7
FNDA:1,(anonymous_1)
FNDA:1,(anonymous_2)
FNDA:1,(anonymous_3)
FNDA:1,(anonymous_4)
FNDA:1,(anonymous_5)
FNDA:1,(anonymous_6)
FNDA:1,(anonymous_7)
DA:1,7
DA:2,7
DA:3,7
DA:6,7
DA:7,1
DA:11,7
DA:12,1
DA:16,1
DA:20,7
DA:21,1
DA:26,1
DA:30,7
DA:31,1
DA:34,1
LF:14
LH:14
BRDA:34,0,0,1
BRDA:34,0,1,0
BRF:2
BRH:1
end_of_record
TN:
SF:src\Venues\venue.controller.ts
FN:11,(anonymous_9)
FN:27,(anonymous_10)
FN:38,(anonymous_11)
FN:61,(anonymous_12)
FNF:4
FNH:4
FNDA:2,(anonymous_9)
FNDA:1,(anonymous_10)
FNDA:2,(anonymous_11)
FNDA:2,(anonymous_12)
DA:2,7
DA:11,7
DA:12,2
DA:13,2
DA:14,1
DA:15,1
DA:18,1
DA:19,1
DA:21,0
DA:22,0
DA:27,7
DA:28,1
DA:29,1
DA:30,1
DA:32,0
DA:33,0
DA:38,7
DA:39,2
DA:40,2
DA:41,0
DA:42,0
DA:45,2
DA:46,2
DA:48,2
DA:49,1
DA:50,1
DA:53,1
DA:55,0
DA:56,0
DA:61,7
DA:62,2
DA:63,2
DA:64,0
DA:65,0
DA:68,2
DA:69,2
DA:71,2
DA:72,1
DA:73,1
DA:76,1
DA:78,0
DA:79,0
LF:42
LH:30
BRDA:13,0,0,1
BRDA:13,0,1,1
BRDA:40,1,0,0
BRDA:40,1,1,2
BRDA:48,2,0,1
BRDA:48,2,1,1
BRDA:63,3,0,0
BRDA:63,3,1,2
BRDA:71,4,0,1
BRDA:71,4,1,1
BRF:10
BRH:8
end_of_record
TN:
SF:src\Venues\venue.routes.ts
FNF:0
FNH:0
DA:1,7
DA:2,7
DA:8,7
DA:10,7
DA:13,7
DA:16,7
DA:17,7
DA:18,7
DA:20,7
LF:9
LH:9
BRF:0
BRH:0
end_of_record
TN:
SF:src\Venues\venue.service.ts
FN:6,(anonymous_1)
FN:9,(anonymous_2)
FN:10,(anonymous_3)
FN:13,(anonymous_4)
FN:19,(anonymous_5)
FNF:5
FNH:0
FNDA:0,(anonymous_1)
FNDA:0,(anonymous_2)
FNDA:0,(anonymous_3)
FNDA:0,(anonymous_4)
FNDA:0,(anonymous_5)
DA:1,7
DA:2,7
DA:3,7
DA:6,7
DA:9,7
DA:10,0
DA:13,7
DA:14,0
DA:15,0
DA:19,7
DA:20,0
DA:21,0
LF:12
LH:7
BRDA:15,0,0,0
BRDA:15,0,1,0
BRDA:21,1,0,0
BRDA:21,1,1,0
BRF:4
BRH:0
end_of_record
TN:
SF:src\middleware\auth.middleware.ts
FN:23,(anonymous_1)
FN:47,(anonymous_2)
FN:48,(anonymous_3)
FNF:3
FNH:1
FNDA:30,(anonymous_1)
FNDA:0,(anonymous_2)
FNDA:0,(anonymous_3)
DA:2,6
DA:3,6
DA:5,6
DA:7,6
DA:9,6
DA:10,0
DA:23,6
DA:28,30
DA:30,30
DA:31,2
DA:32,2
DA:35,28
DA:37,28
DA:38,28
DA:39,28
DA:40,28
DA:42,0
DA:47,6
DA:48,0
DA:49,0
DA:50,0
DA:51,0
DA:53,0
LF:23
LH:16
BRDA:9,0,0,0
BRDA:9,0,1,6
BRDA:30,1,0,2
BRDA:30,1,1,28
BRDA:30,2,0,30
BRDA:30,2,1,28
BRDA:49,3,0,0
BRDA:49,3,1,0
BRDA:49,4,0,0
BRDA:49,4,1,0
BRF:10
BRH:5
end_of_record
